[debug] [2021-09-18T08:18:13.943Z] ----------------------------------------------------------------------
[debug] [2021-09-18T08:18:13.945Z] Command:       C:\Program Files (x86)\nodejs\node.exe C:\Users\femil\AppData\Roaming\npm\node_modules\firebase-tools\lib\bin\firebase.js init
[debug] [2021-09-18T08:18:13.945Z] CLI Version:   9.18.0
[debug] [2021-09-18T08:18:13.945Z] Platform:      win32
[debug] [2021-09-18T08:18:13.945Z] Node Version:  v14.16.1
[debug] [2021-09-18T08:18:13.946Z] Time:          Sat Sep 18 2021 13:48:13 GMT+0530 (India Standard Time)
[debug] [2021-09-18T08:18:13.946Z] ----------------------------------------------------------------------
[debug] 
[debug] [2021-09-18T08:18:13.952Z] > command requires scopes: ["email","openid","https://www.googleapis.com/auth/cloudplatformprojects.readonly","https://www.googleapis.com/auth/firebase","https://www.googleapis.com/auth/cloud-platform"]
[debug] [2021-09-18T08:18:13.952Z] > authorizing via signed-in user (femilsavaliya555@gmail.com)
[info] 
     ######## #### ########  ######## ########     ###     ######  ########
     ##        ##  ##     ## ##       ##     ##  ##   ##  ##       ##
     ######    ##  ########  ######   ########  #########  ######  ######
     ##        ##  ##    ##  ##       ##     ## ##     ##       ## ##
     ##       #### ##     ## ######## ########  ##     ##  ######  ########

You're about to initialize a Firebase project in this directory:

  C:\Users\femil\Desktop\Project\netflix-clone

[info] 
=== Project Setup
[info] 
[info] First, let's associate this project directory with a Firebase project.
[info] You can create multiple project aliases by running firebase use --add, 
[info] but for now we'll just set up a default project.
[info] 
[debug] [2021-09-18T08:19:59.177Z] >>> [apiv2][query] GET https://firebase.googleapis.com/v1beta1/projects pageSize=100
[debug] [2021-09-18T08:20:00.319Z] <<< [apiv2][status] GET https://firebase.googleapis.com/v1beta1/projects 200
[debug] [2021-09-18T08:20:00.320Z] <<< [apiv2][body] GET https://firebase.googleapis.com/v1beta1/projects [omitted]
[info] i  Using project netflix-clone-22272 (netflix-clone) 
[info] 
=== Hosting Setup
[info] 
[info] Your public directory is the folder (relative to your project directory) that
[info] will contain Hosting assets to be uploaded with firebase deploy. If you
[info] have a build process for your assets, use your build's output directory.
[info] 
[debug] [2021-09-18T08:20:42.840Z] ----------------------------------------------------------------------
[debug] [2021-09-18T08:20:42.841Z] Command:       C:\Program Files (x86)\nodejs\node.exe C:\Users\femil\AppData\Roaming\npm\node_modules\firebase-tools\lib\bin\firebase.js init
[debug] [2021-09-18T08:20:42.842Z] CLI Version:   9.18.0
[debug] [2021-09-18T08:20:42.842Z] Platform:      win32
[debug] [2021-09-18T08:20:42.842Z] Node Version:  v14.16.1
[debug] [2021-09-18T08:20:42.843Z] Time:          Sat Sep 18 2021 13:50:42 GMT+0530 (India Standard Time)
[debug] [2021-09-18T08:20:42.843Z] ----------------------------------------------------------------------
[debug] 
[debug] [2021-09-18T08:20:42.849Z] > command requires scopes: ["email","openid","https://www.googleapis.com/auth/cloudplatformprojects.readonly","https://www.googleapis.com/auth/firebase","https://www.googleapis.com/auth/cloud-platform"]
[debug] [2021-09-18T08:20:42.849Z] > authorizing via signed-in user (femilsavaliya555@gmail.com)
[info] 
     ######## #### ########  ######## ########     ###     ######  ########
     ##        ##  ##     ## ##       ##     ##  ##   ##  ##       ##
     ######    ##  ########  ######   ########  #########  ######  ######
     ##        ##  ##    ##  ##       ##     ## ##     ##       ## ##
     ##       #### ##     ## ######## ########  ##     ##  ######  ########

You're about to initialize a Firebase project in this directory:

  C:\Users\femil\Desktop\Project\netflix-clone

[info] 
=== Project Setup
[info] 
[info] First, let's associate this project directory with a Firebase project.
[info] You can create multiple project aliases by running firebase use --add, 
[info] but for now we'll just set up a default project.
[info] 
[debug] [2021-09-18T08:20:51.645Z] >>> [apiv2][query] GET https://firebase.googleapis.com/v1beta1/projects pageSize=100
[debug] [2021-09-18T08:20:52.780Z] <<< [apiv2][status] GET https://firebase.googleapis.com/v1beta1/projects 200
[debug] [2021-09-18T08:20:52.780Z] <<< [apiv2][body] GET https://firebase.googleapis.com/v1beta1/projects [omitted]
[info] i  Using project netflix-clone-22272 (netflix-clone) 
[info] 
=== Hosting Setup
[info] 
[info] Your public directory is the folder (relative to your project directory) that
[info] will contain Hosting assets to be uploaded with firebase deploy. If you
[info] have a build process for your assets, use your build's output directory.
[info] 
[debug] [2021-09-18T08:21:30.315Z] >>> [apiv2][query] GET https://www.gstatic.com/firebasejs/releases.json [none]
[debug] [2021-09-18T08:21:30.693Z] <<< [apiv2][status] GET https://www.gstatic.com/firebasejs/releases.json 200
[debug] [2021-09-18T08:21:30.694Z] <<< [apiv2][body] GET https://www.gstatic.com/firebasejs/releases.json {"current":{"version":"9.0.2","browserURL":"https://www.gstatic.com/firebasejs/9.0.2/firebase.js","packageURL":"https://www.gstatic.com/firebasejs/9.0.2/firebase.tgz"},"live":{"version":"9.0","browserURL":"https://www.gstatic.com/firebasejs/live/9.0/firebase.js","packageURL":"https://www.gstatic.com/firebasejs/live/9.0/firebase.tgz"},"components":{"analytics":"https://www.gstatic.com/firebasejs/9.0.2/firebase-analytics.js","app":"https://www.gstatic.com/firebasejs/9.0.2/firebase-app.js","app-check":"https://www.gstatic.com/firebasejs/9.0.2/firebase-app-check.js","auth":"https://www.gstatic.com/firebasejs/9.0.2/firebase-auth.js","auth/cordova":"https://www.gstatic.com/firebasejs/9.0.2/firebase-auth/cordova.js","auth/react-native":"https://www.gstatic.com/firebasejs/9.0.2/firebase-auth/react-native.js","functions":"https://www.gstatic.com/firebasejs/9.0.2/firebase-functions.js","firestore":"https://www.gstatic.com/firebasejs/9.0.2/firebase-firestore.js","firestore/lite":"https://www.gstatic.com/firebasejs/9.0.2/firebase-firestore/lite.js","storage":"https://www.gstatic.com/firebasejs/9.0.2/firebase-storage.js","performance":"https://www.gstatic.com/firebasejs/9.0.2/firebase-performance.js","remote-config":"https://www.gstatic.com/firebasejs/9.0.2/firebase-remote-config.js","messaging":"https://www.gstatic.com/firebasejs/9.0.2/firebase-messaging.js","messaging/sw":"https://www.gstatic.com/firebasejs/9.0.2/firebase-messaging/sw.js","database":"https://www.gstatic.com/firebasejs/9.0.2/firebase-database.js","firestore.memory":"https://www.gstatic.com/firebasejs/9.0.2/firebase-firestore.memory.js"}}
[info] +  Wrote build/index.html 
[info] 
[info] i  Detected a .git folder at C:\Users\femil 
[info] i  Authorizing with GitHub to upload your service account to a GitHub repository's secrets store. 
[info] 
[info] Visit this URL on this device to log in:
[info] https://github.com/login/oauth/authorize?client_id=89cf50f02ac6aaed3484&state=514782569&redirect_uri=http%3A%2F%2Flocalhost%3A9005&scope=read%3Auser%20repo%20public_repo
[info] 
[info] Waiting for authentication...
[debug] [2021-09-18T08:21:42.893Z] >>> HTTP REQUEST POST https://github.com/login/oauth/access_token  
 {"client_id":"89cf50f02ac6aaed3484","client_secret":"3330d14abc895d9a74d5f17cd7a00711fa2c5bf0","code":"41c3937840dda7e1436b","redirect_uri":"http://localhost:9005","state":"514782569"}
[debug] [2021-09-18T08:21:43.406Z] <<< HTTP RESPONSE 200 {"server":"GitHub.com","date":"Sat, 18 Sep 2021 08:21:43 GMT","content-type":"application/json; charset=utf-8","transfer-encoding":"chunked","vary":"X-PJAX, X-PJAX-Container, Accept-Encoding, Accept, X-Requested-With","permissions-policy":"interest-cohort=()","etag":"W/\"8ae4205054032d908de1d231d00d8e83\"","cache-control":"max-age=0, private, must-revalidate","strict-transport-security":"max-age=31536000; includeSubdomains; preload","x-frame-options":"deny","x-content-type-options":"nosniff","x-xss-protection":"0","referrer-policy":"origin-when-cross-origin, strict-origin-when-cross-origin","expect-ct":"max-age=2592000, report-uri=\"https://api.github.com/_private/browser/errors\"","content-security-policy":"default-src 'none'; base-uri 'self'; block-all-mixed-content; child-src github.githubassets.com; connect-src 'self' uploads.github.com www.githubstatus.com collector.githubapp.com api.github.com github-cloud.s3.amazonaws.com github-production-repository-file-5c1aeb.s3.amazonaws.com github-production-upload-manifest-file-7fdce7.s3.amazonaws.com github-production-user-asset-6210df.s3.amazonaws.com cdn.optimizely.com logx.optimizely.com/v1/events translator.github.com wss://alive.github.com; font-src github.githubassets.com; form-action 'self' github.com gist.github.com; frame-ancestors 'none'; frame-src render.githubusercontent.com viewscreen.githubusercontent.com; img-src 'self' data: github.githubassets.com identicons.github.com collector.githubapp.com github-cloud.s3.amazonaws.com secured-user-images.githubusercontent.com/ *.githubusercontent.com; manifest-src 'self'; media-src github.com user-images.githubusercontent.com/; script-src github.githubassets.com; style-src 'unsafe-inline' github.githubassets.com; worker-src github.githubassets.com github.com/socket-worker-0af8a29d.js gist.github.com/socket-worker-0af8a29d.js","x-github-request-id":"CE80:30D3:81379:B91CC:6145A196"}
[debug] [2021-09-18T08:21:43.426Z] >>> [apiv2][query] GET https://api.github.com/user [none]
[debug] [2021-09-18T08:21:44.295Z] <<< [apiv2][status] GET https://api.github.com/user 200
[debug] [2021-09-18T08:21:44.296Z] <<< [apiv2][body] GET https://api.github.com/user {"login":"Femil32","id":80902923,"node_id":"MDQ6VXNlcjgwOTAyOTIz","avatar_url":"https://avatars.githubusercontent.com/u/80902923?v=4","gravatar_id":"","url":"https://api.github.com/users/Femil32","html_url":"https://github.com/Femil32","followers_url":"https://api.github.com/users/Femil32/followers","following_url":"https://api.github.com/users/Femil32/following{/other_user}","gists_url":"https://api.github.com/users/Femil32/gists{/gist_id}","starred_url":"https://api.github.com/users/Femil32/starred{/owner}{/repo}","subscriptions_url":"https://api.github.com/users/Femil32/subscriptions","organizations_url":"https://api.github.com/users/Femil32/orgs","repos_url":"https://api.github.com/users/Femil32/repos","events_url":"https://api.github.com/users/Femil32/events{/privacy}","received_events_url":"https://api.github.com/users/Femil32/received_events","type":"User","site_admin":false,"name":"Femil Savaliya","company":null,"blog":"","location":null,"email":null,"hireable":null,"bio":"Frontend Web-Developer | 3rd year CSE student","twitter_username":null,"public_repos":11,"public_gists":0,"followers":0,"following":1,"created_at":"2021-03-18T13:43:33Z","updated_at":"2021-09-18T08:21:39Z","private_gists":0,"total_private_repos":0,"owned_private_repos":0,"disk_usage":8566,"collaborators":0,"two_factor_authentication":false,"plan":{"name":"free","space":976562499,"collaborators":0,"private_repos":10000}}
[info] 
[info] +  Success! Logged into GitHub as Femil32 
[info] 
